0 info it worked if it ends with ok
1 verbose cli [
1 verbose cli   'C:\\Program Files\\nodejs\\node.exe',
1 verbose cli   'C:\\Program Files\\nodejs\\node_modules\\npm\\bin\\npm-cli.js',
1 verbose cli   'start'
1 verbose cli ]
2 info using npm@6.10.3
3 info using node@v12.10.0
4 verbose run-script [ 'prestart', 'start', 'poststart' ]
5 info lifecycle r_flex@0.0.1~prestart: r_flex@0.0.1
6 info lifecycle r_flex@0.0.1~start: r_flex@0.0.1
7 verbose lifecycle r_flex@0.0.1~start: unsafe-perm in lifecycle true
8 verbose lifecycle r_flex@0.0.1~start: PATH: C:\Program Files\nodejs\node_modules\npm\node_modules\npm-lifecycle\node-gyp-bin;C:\Users\alex\Desktop\Patel_Practice\React_Native_Flex\r_flex\node_modules\.bin;C:\Windows\system32;C:\Windows;C:\Windows\System32\Wbem;C:\Windows\System32\WindowsPowerShell\v1.0\;C:\Program Files\Microsoft VS Code\bin;C:\Program Files\Git\cmd;C:\Program Files\nodejs\;C:\Users\alex\AppData\Local\Android\Sdk\platform-tools;C:\Users\alex\AppData\Local\atom\bin;C:\Users\alex\AppData\Roaming\npm;C:\Users\alex\AppData\Local\Android\Sdk\platform-tools
9 verbose lifecycle r_flex@0.0.1~start: CWD: C:\Users\alex\Desktop\Patel_Practice\React_Native_Flex\r_flex
10 silly lifecycle r_flex@0.0.1~start: Args: [ '/d /s /c', 'react-native start' ]
11 silly lifecycle r_flex@0.0.1~start: Returned: code: 1  signal: null
12 info lifecycle r_flex@0.0.1~start: Failed to exec start script
13 verbose stack Error: r_flex@0.0.1 start: `react-native start`
13 verbose stack Exit status 1
13 verbose stack     at EventEmitter.<anonymous> (C:\Program Files\nodejs\node_modules\npm\node_modules\npm-lifecycle\index.js:326:16)
13 verbose stack     at EventEmitter.emit (events.js:209:13)
13 verbose stack     at ChildProcess.<anonymous> (C:\Program Files\nodejs\node_modules\npm\node_modules\npm-lifecycle\lib\spawn.js:55:14)
13 verbose stack     at ChildProcess.emit (events.js:209:13)
13 verbose stack     at maybeClose (internal/child_process.js:1021:16)
13 verbose stack     at Process.ChildProcess._handle.onexit (internal/child_process.js:283:5)
14 verbose pkgid r_flex@0.0.1
15 verbose cwd C:\Users\alex\Desktop\Patel_Practice\React_Native_Flex\r_flex
16 verbose Windows_NT 6.1.7601
17 verbose argv "C:\\Program Files\\nodejs\\node.exe" "C:\\Program Files\\nodejs\\node_modules\\npm\\bin\\npm-cli.js" "start"
18 verbose node v12.10.0
19 verbose npm  v6.10.3
20 error code ELIFECYCLE
21 error errno 1
22 error r_flex@0.0.1 start: `react-native start`
22 error Exit status 1
23 error Failed at the r_flex@0.0.1 start script.
23 error This is probably not a problem with npm. There is likely additional logging output above.
24 verbose exit [ 1, true ]
